COMMAND: set -e
yamllint .

[35m[DEPRECATION WARNING]: [defaults]callback_whitelist option, normalizing names [0m
[35mto new standard, use callbacks_enabled instead. This feature will be removed [0m
[35mfrom ansible-core in version 2.15. Deprecation warnings can be disabled by [0m
[35msetting deprecation_warnings=False in ansible.cfg.[0m

PLAY [Destroy] *****************************************************************

PLAY RECAP *********************************************************************

Tuesday 24 May 2022  20:50:10 +0100 (0:00:00.030)       0:00:00.030 ***********
===============================================================================
[35m[DEPRECATION WARNING]: [defaults]callback_whitelist option, normalizing names [0m
[35mto new standard, use callbacks_enabled instead. This feature will be removed [0m
[35mfrom ansible-core in version 2.15. Deprecation warnings can be disabled by [0m
[35msetting deprecation_warnings=False in ansible.cfg.[0m

PLAY [Create] ******************************************************************

TASK [Create test kind cluster] ************************************************
Tuesday 24 May 2022  20:50:11 +0100 (0:00:00.010)       0:00:00.010 ***********
[33mchanged: [localhost][0m

TASK [Ensure ~/.kube directory exists.] ****************************************
Tuesday 24 May 2022  20:50:37 +0100 (0:00:25.860)       0:00:25.871 ***********
[32mok: [localhost][0m

TASK [Copy kubeconfig into ~/.kube as well.] ***********************************
Tuesday 24 May 2022  20:50:37 +0100 (0:00:00.284)       0:00:26.155 ***********
[33mchanged: [localhost][0m

PLAY RECAP *********************************************************************
[33mlocalhost[0m                  : [32mok=3   [0m [33mchanged=2   [0m unreachable=0    failed=0    skipped=0    rescued=0    ignored=0

Tuesday 24 May 2022  20:50:37 +0100 (0:00:00.250)       0:00:26.406 ***********
===============================================================================
Create test kind cluster ----------------------------------------------- 25.86s
Ensure ~/.kube directory exists. ---------------------------------------- 0.28s
Copy kubeconfig into ~/.kube as well. ----------------------------------- 0.25s
[35m[DEPRECATION WARNING]: [defaults]callback_whitelist option, normalizing names [0m
[35mto new standard, use callbacks_enabled instead. This feature will be removed [0m
[35mfrom ansible-core in version 2.15. Deprecation warnings can be disabled by [0m
[35msetting deprecation_warnings=False in ansible.cfg.[0m

PLAY [Converge] ****************************************************************

PLAY [localhost] ***************************************************************

TASK [Clone the operator-sdk project.] *****************************************
Tuesday 24 May 2022  20:50:38 +0100 (0:00:00.016)       0:00:00.016 ***********
[33mchanged: [localhost][0m

TASK [Attempt to fix file permissions.] ****************************************
Tuesday 24 May 2022  20:50:40 +0100 (0:00:02.588)       0:00:02.604 ***********
[33mchanged: [localhost][0m

TASK [Deploy a memcached DaemonSet so image is pulled to all nodes.] ***********
Tuesday 24 May 2022  20:50:47 +0100 (0:00:06.319)       0:00:08.923 ***********
[36mincluded: /home/kevinfan/dev/operator-sdk-performance-testing/tasks/memcached-daemonset.yml for localhost[0m

TASK [Create a Memcached DaemonSet.] *******************************************
Tuesday 24 May 2022  20:50:47 +0100 (0:00:00.015)       0:00:08.939 ***********
[33mchanged: [localhost][0m

TASK [Delete the Memcached DaemonSet.] *****************************************
Tuesday 24 May 2022  20:51:07 +0100 (0:00:20.651)       0:00:29.590 ***********
[33mchanged: [localhost][0m

TASK [Deploy cert-manager (required for Go operator).] *************************
Tuesday 24 May 2022  20:51:08 +0100 (0:00:00.489)       0:00:30.079 ***********
[36mincluded: /home/kevinfan/dev/operator-sdk-performance-testing/tasks/cert-manager.yml for localhost[0m

TASK [Download cert-manager manifest.] *****************************************
Tuesday 24 May 2022  20:51:08 +0100 (0:00:00.030)       0:00:30.110 ***********
[33mchanged: [localhost][0m

TASK [Deploy cert-manager into the cluster.] ***********************************
Tuesday 24 May 2022  20:51:10 +0100 (0:00:02.442)       0:00:32.553 ***********
[33mchanged: [localhost][0m

TASK [Delete cert-manager manifest.] *******************************************
Tuesday 24 May 2022  20:52:08 +0100 (0:00:58.088)       0:01:30.642 ***********
[33mchanged: [localhost][0m

TASK [Deploy prometheus-operator (required for metrics service).] **************
Tuesday 24 May 2022  20:52:09 +0100 (0:00:00.163)       0:01:30.805 ***********
[36mincluded: /home/kevinfan/dev/operator-sdk-performance-testing/tasks/prometheus-operator.yml for localhost[0m

TASK [Download prometheus-operator manifest.] **********************************
Tuesday 24 May 2022  20:52:09 +0100 (0:00:00.019)       0:01:30.825 ***********
[32mok: [localhost][0m

TASK [Manually create the prometheus-operator ServiceAccount.] *****************
Tuesday 24 May 2022  20:52:10 +0100 (0:00:01.447)       0:01:32.273 ***********
[33mchanged: [localhost][0m

TASK [Manually create the prometheus ServiceAccount.] **************************
Tuesday 24 May 2022  20:52:11 +0100 (0:00:00.512)       0:01:32.785 ***********
[33mchanged: [localhost][0m

TASK [Manually create the prometheus-operator cluster role] ********************
Tuesday 24 May 2022  20:52:11 +0100 (0:00:00.488)       0:01:33.274 ***********
[33mchanged: [localhost][0m

TASK [Manually create the prometheus-operator cluster role binding] ************
Tuesday 24 May 2022  20:52:11 +0100 (0:00:00.479)       0:01:33.753 ***********
[33mchanged: [localhost][0m

TASK [Deploy prometheus-operator into the cluster.] ****************************
Tuesday 24 May 2022  20:52:12 +0100 (0:00:00.472)       0:01:34.225 ***********
[33mchanged: [localhost][0m

TASK [Deploy additional-scrape-configs into the cluster.] **********************
Tuesday 24 May 2022  20:52:25 +0100 (0:00:13.243)       0:01:47.469 ***********
[33mchanged: [localhost][0m

TASK [Deploy the prometheus CR] ************************************************
Tuesday 24 May 2022  20:52:26 +0100 (0:00:00.491)       0:01:47.960 ***********
[33mchanged: [localhost][0m

TASK [Deploy metrics server.] **************************************************
Tuesday 24 May 2022  20:52:26 +0100 (0:00:00.511)       0:01:48.472 ***********
[36mincluded: /home/kevinfan/dev/operator-sdk-performance-testing/tasks/metrics.yml for localhost[0m

TASK [Download metrics server manifests] ***************************************
Tuesday 24 May 2022  20:52:26 +0100 (0:00:00.020)       0:01:48.493 ***********
[32mok: [localhost][0m

TASK [Deploy metrics service into the cluster.] ********************************
Tuesday 24 May 2022  20:52:27 +0100 (0:00:00.657)       0:01:49.150 ***********
[33mchanged: [localhost][0m

TASK [Download metrics server cluster role] ************************************
Tuesday 24 May 2022  20:53:08 +0100 (0:00:40.643)       0:02:29.793 ***********
[32mok: [localhost][0m

TASK [Download metrics server cluster role binding] ****************************
Tuesday 24 May 2022  20:53:09 +0100 (0:00:01.143)       0:02:30.937 ***********
[32mok: [localhost][0m

TASK [Download metrics server deployment] **************************************
Tuesday 24 May 2022  20:53:10 +0100 (0:00:01.717)       0:02:32.655 ***********
[32mok: [localhost][0m

TASK [Download metrics server service account] *********************************
Tuesday 24 May 2022  20:53:11 +0100 (0:00:00.971)       0:02:33.627 ***********
[32mok: [localhost][0m

TASK [Download metrics server service] *****************************************
Tuesday 24 May 2022  20:53:12 +0100 (0:00:00.829)       0:02:34.456 ***********
[32mok: [localhost][0m

TASK [Deploy metrics server cluster role] **************************************
Tuesday 24 May 2022  20:53:13 +0100 (0:00:00.689)       0:02:35.145 ***********
[33mchanged: [localhost][0m

TASK [Deploy metrics server cluster role binding] ******************************
Tuesday 24 May 2022  20:53:13 +0100 (0:00:00.580)       0:02:35.726 ***********
[33mchanged: [localhost][0m

TASK [Deploy metrics server service account] ***********************************
Tuesday 24 May 2022  20:53:14 +0100 (0:00:00.596)       0:02:36.323 ***********
[33mchanged: [localhost][0m

TASK [Deploy metrics server deployment] ****************************************
Tuesday 24 May 2022  20:53:15 +0100 (0:00:00.514)       0:02:36.838 ***********
[33mchanged: [localhost][0m

TASK [Deploy metrics server service] *******************************************
Tuesday 24 May 2022  20:53:35 +0100 (0:00:20.513)       0:02:57.351 ***********
[33mchanged: [localhost][0m

TASK [SPIKE TEST -  Build, deploy, benchmark, and undeploy operators.] *********
Tuesday 24 May 2022  20:53:36 +0100 (0:00:00.488)       0:02:57.839 ***********
[36mincluded: /home/kevinfan/dev/operator-sdk-performance-testing/tasks/operator-tasks.yml for localhost => (item=go)[0m

TASK [Set the go memcached operator image name.] *******************************
Tuesday 24 May 2022  20:53:36 +0100 (0:00:00.043)       0:02:57.883 ***********
[32mok: [localhost][0m

TASK [Set the app label selector for Helm.] ************************************
Tuesday 24 May 2022  20:53:36 +0100 (0:00:00.012)       0:02:57.895 ***********
[36mskipping: [localhost][0m

TASK [Ensure the operator namespace exists.] ***********************************
Tuesday 24 May 2022  20:53:36 +0100 (0:00:00.010)       0:02:57.906 ***********
[33mchanged: [localhost][0m

TASK [Set the correct subdirectory for the Go operator example.] ***************
Tuesday 24 May 2022  20:53:36 +0100 (0:00:00.486)       0:02:58.393 ***********
[32mok: [localhost][0m

TASK [Build, push, and deploy the go memcached operator.] **********************
Tuesday 24 May 2022  20:53:36 +0100 (0:00:00.013)       0:02:58.406 ***********
[33mchanged: [localhost] => (item=docker build . -t $IMG)[0m
[33mchanged: [localhost] => (item=make docker-push)[0m
[33mchanged: [localhost] => (item=make install)[0m
[33mchanged: [localhost] => (item=make deploy)[0m

TASK [Wait for Operator Pod to be 'Running'.] **********************************
Tuesday 24 May 2022  20:53:43 +0100 (0:00:06.740)       0:03:05.147 ***********
[1;30mFAILED - RETRYING: [localhost]: Wait for Operator Pod to be 'Running'. (15 retries left).[0m
[1;30mFAILED - RETRYING: [localhost]: Wait for Operator Pod to be 'Running'. (14 retries left).[0m
[1;30mFAILED - RETRYING: [localhost]: Wait for Operator Pod to be 'Running'. (13 retries left).[0m
[1;30mFAILED - RETRYING: [localhost]: Wait for Operator Pod to be 'Running'. (12 retries left).[0m
[1;30mFAILED - RETRYING: [localhost]: Wait for Operator Pod to be 'Running'. (11 retries left).[0m
[1;30mFAILED - RETRYING: [localhost]: Wait for Operator Pod to be 'Running'. (10 retries left).[0m
[32mok: [localhost][0m

TASK [Pause to allow cluster to stabilize.] ************************************
Tuesday 24 May 2022  20:54:04 +0100 (0:00:21.551)       0:03:26.698 ***********
Pausing for 10 seconds
(ctrl+C then 'C' = continue early, ctrl+C then 'A' = abort)
[32mok: [localhost][0m

TASK [Deploy 15 go memcached CRs.] *********************************************
Tuesday 24 May 2022  20:54:14 +0100 (0:00:10.011)       0:03:36.710 ***********
[33mchanged: [localhost][0m

TASK [[B1] Wait for 15 go Memcached Pods to be running.] ***********************
Tuesday 24 May 2022  20:54:15 +0100 (0:00:00.838)       0:03:37.548 ***********
[1;30mFAILED - RETRYING: [localhost]: [B1] Wait for 15 go Memcached Pods to be running. (120 retries left).[0m
[32mok: [localhost][0m

TASK [[B1] Wait for go Memcached Pods to be ready.] ****************************
Tuesday 24 May 2022  20:54:19 +0100 (0:00:04.102)       0:03:41.650 ***********
[32mok: [localhost][0m

TASK [Deploy 15 go memcached CRs.] *********************************************
Tuesday 24 May 2022  20:54:26 +0100 (0:00:06.980)       0:03:48.630 ***********
[32mok: [localhost][0m

TASK [[B2] Wait for 15 go Memcached Pods to be running.] ***********************
Tuesday 24 May 2022  20:54:27 +0100 (0:00:00.629)       0:03:49.260 ***********
[32mok: [localhost][0m

TASK [Un-deploy 15 go memcached CRs.] ******************************************
Tuesday 24 May 2022  20:54:28 +0100 (0:00:00.566)       0:03:49.826 ***********
[33mchanged: [localhost][0m

TASK [[B3] Wait for all go Memcached Pods to be gone.] *************************
Tuesday 24 May 2022  20:54:28 +0100 (0:00:00.639)       0:03:50.466 ***********
[1;30mFAILED - RETRYING: [localhost]: [B3] Wait for all go Memcached Pods to be gone. (120 retries left).[0m
[1;30mFAILED - RETRYING: [localhost]: [B3] Wait for all go Memcached Pods to be gone. (119 retries left).[0m
[1;30mFAILED - RETRYING: [localhost]: [B3] Wait for all go Memcached Pods to be gone. (118 retries left).[0m
[32mok: [localhost][0m

TASK [Undeploy the go memcached operator.] *************************************
Tuesday 24 May 2022  20:54:45 +0100 (0:00:16.968)       0:04:07.435 ***********
[33mchanged: [localhost][0m

TASK [LOAD TEST - Build, deploy, benchmark, and undeploy operators.] ***********
Tuesday 24 May 2022  20:54:45 +0100 (0:00:00.266)       0:04:07.701 ***********
[36mskipping: [localhost] => (item=go) [0m

PLAY RECAP *********************************************************************
[33mlocalhost[0m                  : [32mok=46  [0m [33mchanged=25  [0m unreachable=0    failed=0    [36mskipped=2   [0m rescued=0    ignored=0

Tuesday 24 May 2022  20:54:45 +0100 (0:00:00.031)       0:04:07.732 ***********
===============================================================================
Clone the operator-sdk project. ----------------------------------------- 2.59s
Attempt to fix file permissions. ---------------------------------------- 6.32s
Deploy a memcached DaemonSet so image is pulled to all nodes. ----------- 0.02s
Create a Memcached DaemonSet. ------------------------------------------ 20.65s
Delete the Memcached DaemonSet. ----------------------------------------- 0.49s
Deploy cert-manager (required for Go operator). ------------------------- 0.03s
Download cert-manager manifest. ----------------------------------------- 2.44s
Deploy cert-manager into the cluster. ---------------------------------- 58.09s
Delete cert-manager manifest. ------------------------------------------- 0.16s
Deploy prometheus-operator (required for metrics service). -------------- 0.02s
Download prometheus-operator manifest. ---------------------------------- 1.45s
Manually create the prometheus-operator ServiceAccount. ----------------- 0.51s
Manually create the prometheus ServiceAccount. -------------------------- 0.49s
Manually create the prometheus-operator cluster role -------------------- 0.48s
Manually create the prometheus-operator cluster role binding ------------ 0.47s
Deploy prometheus-operator into the cluster. --------------------------- 13.24s
Deploy additional-scrape-configs into the cluster. ---------------------- 0.49s
Deploy the prometheus CR ------------------------------------------------ 0.51s
Deploy metrics server. -------------------------------------------------- 0.02s
Download metrics server manifests --------------------------------------- 0.66s
Deploy metrics service into the cluster. ------------------------------- 40.64s
Download metrics server cluster role ------------------------------------ 1.14s
Download metrics server cluster role binding ---------------------------- 1.72s
Download metrics server deployment -------------------------------------- 0.97s
Download metrics server service account --------------------------------- 0.83s
Download metrics server service ----------------------------------------- 0.69s
Deploy metrics server cluster role -------------------------------------- 0.58s
Deploy metrics server cluster role binding ------------------------------ 0.60s
Deploy metrics server service account ----------------------------------- 0.51s
Deploy metrics server deployment --------------------------------------- 20.51s
Deploy metrics server service ------------------------------------------- 0.49s
SPIKE TEST -  Build, deploy, benchmark, and undeploy operators. --------- 0.04s
Set the go memcached operator image name. ------------------------------- 0.01s
Set the app label selector for Helm. ------------------------------------ 0.01s
Ensure the operator namespace exists. ----------------------------------- 0.49s
Set the correct subdirectory for the Go operator example. --------------- 0.01s
Build, push, and deploy the go memcached operator. ---------------------- 6.74s
Wait for Operator Pod to be 'Running'. --------------------------------- 21.55s
Pause to allow cluster to stabilize. ----------------------------------- 10.01s
Deploy 15 go memcached CRs. --------------------------------------------- 0.84s
[B1] Wait for 15 go Memcached Pods to be running. ----------------------- 4.10s
[B1] Wait for go Memcached Pods to be ready. ---------------------------- 6.98s
Deploy 15 go memcached CRs. --------------------------------------------- 0.63s
[B2] Wait for 15 go Memcached Pods to be running. ----------------------- 0.57s
Un-deploy 15 go memcached CRs. ------------------------------------------ 0.64s
[B3] Wait for all go Memcached Pods to be gone. ------------------------ 16.97s
Undeploy the go memcached operator. ------------------------------------- 0.27s
LOAD TEST - Build, deploy, benchmark, and undeploy operators. ----------- 0.03s
