COMMAND: set -e
yamllint .

[35m[DEPRECATION WARNING]: [defaults]callback_whitelist option, normalizing names [0m
[35mto new standard, use callbacks_enabled instead. This feature will be removed [0m
[35mfrom ansible-core in version 2.15. Deprecation warnings can be disabled by [0m
[35msetting deprecation_warnings=False in ansible.cfg.[0m

PLAY [Destroy] *****************************************************************

PLAY RECAP *********************************************************************

Tuesday 17 May 2022  20:23:09 +0100 (0:00:00.029)       0:00:00.029 ***********
===============================================================================
[35m[DEPRECATION WARNING]: [defaults]callback_whitelist option, normalizing names [0m
[35mto new standard, use callbacks_enabled instead. This feature will be removed [0m
[35mfrom ansible-core in version 2.15. Deprecation warnings can be disabled by [0m
[35msetting deprecation_warnings=False in ansible.cfg.[0m

PLAY [Create] ******************************************************************

TASK [Create test kind cluster] ************************************************
Tuesday 17 May 2022  20:23:10 +0100 (0:00:00.008)       0:00:00.008 ***********
[33mchanged: [localhost][0m

TASK [Ensure ~/.kube directory exists.] ****************************************
Tuesday 17 May 2022  20:23:35 +0100 (0:00:25.247)       0:00:25.255 ***********
[32mok: [localhost][0m

TASK [Copy kubeconfig into ~/.kube as well.] ***********************************
Tuesday 17 May 2022  20:23:35 +0100 (0:00:00.248)       0:00:25.504 ***********
[33mchanged: [localhost][0m

PLAY RECAP *********************************************************************
[33mlocalhost[0m                  : [32mok=3   [0m [33mchanged=2   [0m unreachable=0    failed=0    skipped=0    rescued=0    ignored=0

Tuesday 17 May 2022  20:23:36 +0100 (0:00:00.254)       0:00:25.758 ***********
===============================================================================
Create test kind cluster ----------------------------------------------- 25.25s
Ensure ~/.kube directory exists. ---------------------------------------- 0.25s
Copy kubeconfig into ~/.kube as well. ----------------------------------- 0.25s
[35m[DEPRECATION WARNING]: [defaults]callback_whitelist option, normalizing names [0m
[35mto new standard, use callbacks_enabled instead. This feature will be removed [0m
[35mfrom ansible-core in version 2.15. Deprecation warnings can be disabled by [0m
[35msetting deprecation_warnings=False in ansible.cfg.[0m

PLAY [Converge] ****************************************************************

PLAY [localhost] ***************************************************************

TASK [Clone the operator-sdk project.] *****************************************
Tuesday 17 May 2022  20:23:36 +0100 (0:00:00.016)       0:00:00.016 ***********
[33mchanged: [localhost][0m

TASK [Attempt to fix file permissions.] ****************************************
Tuesday 17 May 2022  20:23:39 +0100 (0:00:02.954)       0:00:02.971 ***********
[33mchanged: [localhost][0m

TASK [Deploy a memcached DaemonSet so image is pulled to all nodes.] ***********
Tuesday 17 May 2022  20:23:46 +0100 (0:00:06.923)       0:00:09.895 ***********
[36mincluded: /home/kevinfan/dev/operator-sdk-performance-testing/tasks/memcached-daemonset.yml for localhost[0m

TASK [Create a Memcached DaemonSet.] *******************************************
Tuesday 17 May 2022  20:23:46 +0100 (0:00:00.015)       0:00:09.911 ***********
[33mchanged: [localhost][0m

TASK [Delete the Memcached DaemonSet.] *****************************************
Tuesday 17 May 2022  20:24:07 +0100 (0:00:20.685)       0:00:30.597 ***********
[33mchanged: [localhost][0m

TASK [Deploy cert-manager (required for Go operator).] *************************
Tuesday 17 May 2022  20:24:07 +0100 (0:00:00.528)       0:00:31.126 ***********
[36mskipping: [localhost][0m

TASK [Deploy prometheus-operator (required for metrics service).] **************
Tuesday 17 May 2022  20:24:07 +0100 (0:00:00.033)       0:00:31.160 ***********
[36mincluded: /home/kevinfan/dev/operator-sdk-performance-testing/tasks/prometheus-operator.yml for localhost[0m

TASK [Download prometheus-operator manifest.] **********************************
Tuesday 17 May 2022  20:24:07 +0100 (0:00:00.025)       0:00:31.185 ***********
[32mok: [localhost][0m

TASK [Manually create the prometheus-operator ServiceAccount.] *****************
Tuesday 17 May 2022  20:24:09 +0100 (0:00:01.595)       0:00:32.781 ***********
[33mchanged: [localhost][0m

TASK [Manually create the prometheus ServiceAccount.] **************************
Tuesday 17 May 2022  20:24:10 +0100 (0:00:00.486)       0:00:33.267 ***********
[33mchanged: [localhost][0m

TASK [Manually create the prometheus-operator cluster role] ********************
Tuesday 17 May 2022  20:24:10 +0100 (0:00:00.489)       0:00:33.757 ***********
[33mchanged: [localhost][0m

TASK [Manually create the prometheus-operator cluster role binding] ************
Tuesday 17 May 2022  20:24:11 +0100 (0:00:00.500)       0:00:34.257 ***********
[33mchanged: [localhost][0m

TASK [Deploy prometheus-operator into the cluster.] ****************************
Tuesday 17 May 2022  20:24:11 +0100 (0:00:00.493)       0:00:34.751 ***********
[33mchanged: [localhost][0m

TASK [Deploy additional-scrape-configs into the cluster.] **********************
Tuesday 17 May 2022  20:24:24 +0100 (0:00:12.955)       0:00:47.707 ***********
[33mchanged: [localhost][0m

TASK [Deploy the prometheus CR] ************************************************
Tuesday 17 May 2022  20:24:24 +0100 (0:00:00.485)       0:00:48.192 ***********
[33mchanged: [localhost][0m

TASK [Deploy metrics server.] **************************************************
Tuesday 17 May 2022  20:24:25 +0100 (0:00:00.496)       0:00:48.688 ***********
[36mincluded: /home/kevinfan/dev/operator-sdk-performance-testing/tasks/metrics.yml for localhost[0m

TASK [Download metrics server manifests] ***************************************
Tuesday 17 May 2022  20:24:25 +0100 (0:00:00.020)       0:00:48.709 ***********
[32mok: [localhost][0m

TASK [Deploy metrics service into the cluster.] ********************************
Tuesday 17 May 2022  20:24:26 +0100 (0:00:00.683)       0:00:49.393 ***********
[33mchanged: [localhost][0m

TASK [Download metrics server cluster role] ************************************
Tuesday 17 May 2022  20:25:16 +0100 (0:00:50.661)       0:01:40.054 ***********
[32mok: [localhost][0m

TASK [Download metrics server cluster role binding] ****************************
Tuesday 17 May 2022  20:25:18 +0100 (0:00:01.383)       0:01:41.438 ***********
[32mok: [localhost][0m

TASK [Download metrics server deployment] **************************************
Tuesday 17 May 2022  20:25:19 +0100 (0:00:01.740)       0:01:43.178 ***********
[32mok: [localhost][0m

TASK [Download metrics server service account] *********************************
Tuesday 17 May 2022  20:25:21 +0100 (0:00:01.337)       0:01:44.516 ***********
[32mok: [localhost][0m

TASK [Download metrics server service] *****************************************
Tuesday 17 May 2022  20:25:23 +0100 (0:00:01.902)       0:01:46.418 ***********
[32mok: [localhost][0m

TASK [Deploy metrics server cluster role] **************************************
Tuesday 17 May 2022  20:25:24 +0100 (0:00:01.016)       0:01:47.435 ***********
[33mchanged: [localhost][0m

TASK [Deploy metrics server cluster role binding] ******************************
Tuesday 17 May 2022  20:25:24 +0100 (0:00:00.534)       0:01:47.969 ***********
[33mchanged: [localhost][0m

TASK [Deploy metrics server service account] ***********************************
Tuesday 17 May 2022  20:25:25 +0100 (0:00:00.497)       0:01:48.466 ***********
[33mchanged: [localhost][0m

TASK [Deploy metrics server deployment] ****************************************
Tuesday 17 May 2022  20:25:25 +0100 (0:00:00.503)       0:01:48.969 ***********
[33mchanged: [localhost][0m

TASK [Deploy metrics server service] *******************************************
Tuesday 17 May 2022  20:25:56 +0100 (0:00:30.559)       0:02:19.529 ***********
[33mchanged: [localhost][0m

TASK [SPIKE TEST -  Build, deploy, benchmark, and undeploy operators.] *********
Tuesday 17 May 2022  20:25:56 +0100 (0:00:00.545)       0:02:20.074 ***********
[36mincluded: /home/kevinfan/dev/operator-sdk-performance-testing/tasks/operator-tasks.yml for localhost => (item=helm)[0m

TASK [Set the helm memcached operator image name.] *****************************
Tuesday 17 May 2022  20:25:56 +0100 (0:00:00.064)       0:02:20.139 ***********
[32mok: [localhost][0m

TASK [Set the app label selector for Helm.] ************************************
Tuesday 17 May 2022  20:25:56 +0100 (0:00:00.012)       0:02:20.151 ***********
[32mok: [localhost][0m

TASK [Ensure the operator namespace exists.] ***********************************
Tuesday 17 May 2022  20:25:56 +0100 (0:00:00.012)       0:02:20.163 ***********
[33mchanged: [localhost][0m

TASK [Set the correct subdirectory for the Go operator example.] ***************
Tuesday 17 May 2022  20:25:57 +0100 (0:00:00.511)       0:02:20.674 ***********
[36mskipping: [localhost][0m

TASK [Build, push, and deploy the helm memcached operator.] ********************
Tuesday 17 May 2022  20:25:57 +0100 (0:00:00.011)       0:02:20.686 ***********
[33mchanged: [localhost] => (item=docker build . -t $IMG)[0m
[33mchanged: [localhost] => (item=make docker-push)[0m
[33mchanged: [localhost] => (item=make install)[0m
[33mchanged: [localhost] => (item=make deploy)[0m

TASK [Wait for Operator Pod to be 'Running'.] **********************************
Tuesday 17 May 2022  20:26:52 +0100 (0:00:54.630)       0:03:15.316 ***********
[1;30mFAILED - RETRYING: [localhost]: Wait for Operator Pod to be 'Running'. (15 retries left).[0m
[1;30mFAILED - RETRYING: [localhost]: Wait for Operator Pod to be 'Running'. (14 retries left).[0m
[1;30mFAILED - RETRYING: [localhost]: Wait for Operator Pod to be 'Running'. (13 retries left).[0m
[1;30mFAILED - RETRYING: [localhost]: Wait for Operator Pod to be 'Running'. (12 retries left).[0m
[1;30mFAILED - RETRYING: [localhost]: Wait for Operator Pod to be 'Running'. (11 retries left).[0m
[1;30mFAILED - RETRYING: [localhost]: Wait for Operator Pod to be 'Running'. (10 retries left).[0m
[1;30mFAILED - RETRYING: [localhost]: Wait for Operator Pod to be 'Running'. (9 retries left).[0m
[1;30mFAILED - RETRYING: [localhost]: Wait for Operator Pod to be 'Running'. (8 retries left).[0m
[1;30mFAILED - RETRYING: [localhost]: Wait for Operator Pod to be 'Running'. (7 retries left).[0m
[1;30mFAILED - RETRYING: [localhost]: Wait for Operator Pod to be 'Running'. (6 retries left).[0m
[1;30mFAILED - RETRYING: [localhost]: Wait for Operator Pod to be 'Running'. (5 retries left).[0m
[1;30mFAILED - RETRYING: [localhost]: Wait for Operator Pod to be 'Running'. (4 retries left).[0m
[1;30mFAILED - RETRYING: [localhost]: Wait for Operator Pod to be 'Running'. (3 retries left).[0m
[1;30mFAILED - RETRYING: [localhost]: Wait for Operator Pod to be 'Running'. (2 retries left).[0m
[1;30mFAILED - RETRYING: [localhost]: Wait for Operator Pod to be 'Running'. (1 retries left).[0m
[32mok: [localhost][0m

TASK [Pause to allow cluster to stabilize.] ************************************
Tuesday 17 May 2022  20:27:45 +0100 (0:00:53.315)       0:04:08.632 ***********
Pausing for 10 seconds
(ctrl+C then 'C' = continue early, ctrl+C then 'A' = abort)
[32mok: [localhost][0m

TASK [Deploy 15 helm memcached CRs.] *******************************************
Tuesday 17 May 2022  20:27:55 +0100 (0:00:10.012)       0:04:18.644 ***********
[33mchanged: [localhost][0m

TASK [[B1] Wait for 15 helm Memcached Pods to be running.] *********************
Tuesday 17 May 2022  20:27:56 +0100 (0:00:00.606)       0:04:19.251 ***********
[1;30mFAILED - RETRYING: [localhost]: [B1] Wait for 15 helm Memcached Pods to be running. (120 retries left).[0m
[1;30mFAILED - RETRYING: [localhost]: [B1] Wait for 15 helm Memcached Pods to be running. (119 retries left).[0m
[1;30mFAILED - RETRYING: [localhost]: [B1] Wait for 15 helm Memcached Pods to be running. (118 retries left).[0m
[1;30mFAILED - RETRYING: [localhost]: [B1] Wait for 15 helm Memcached Pods to be running. (117 retries left).[0m
[1;30mFAILED - RETRYING: [localhost]: [B1] Wait for 15 helm Memcached Pods to be running. (116 retries left).[0m
[32mok: [localhost][0m

TASK [[B1] Wait for helm Memcached Pods to be ready.] **************************
Tuesday 17 May 2022  20:28:14 +0100 (0:00:18.614)       0:04:37.866 ***********
[32mok: [localhost][0m

TASK [Deploy 15 helm memcached CRs.] *******************************************
Tuesday 17 May 2022  20:28:21 +0100 (0:00:06.517)       0:04:44.383 ***********
[32mok: [localhost][0m

TASK [[B2] Wait for 15 helm Memcached Pods to be running.] *********************
Tuesday 17 May 2022  20:28:22 +0100 (0:00:00.987)       0:04:45.371 ***********
[32mok: [localhost][0m

TASK [Un-deploy 15 helm memcached CRs.] ****************************************
Tuesday 17 May 2022  20:28:22 +0100 (0:00:00.654)       0:04:46.026 ***********
[33mchanged: [localhost][0m

TASK [[B3] Wait for all helm Memcached Pods to be gone.] ***********************
Tuesday 17 May 2022  20:28:23 +0100 (0:00:00.710)       0:04:46.736 ***********
[1;30mFAILED - RETRYING: [localhost]: [B3] Wait for all helm Memcached Pods to be gone. (120 retries left).[0m
[1;30mFAILED - RETRYING: [localhost]: [B3] Wait for all helm Memcached Pods to be gone. (119 retries left).[0m
[1;30mFAILED - RETRYING: [localhost]: [B3] Wait for all helm Memcached Pods to be gone. (118 retries left).[0m
[32mok: [localhost][0m

TASK [Undeploy the helm memcached operator.] ***********************************
Tuesday 17 May 2022  20:28:40 +0100 (0:00:17.323)       0:05:04.059 ***********
[33mchanged: [localhost][0m

TASK [LOAD TEST - Build, deploy, benchmark, and undeploy operators.] ***********
Tuesday 17 May 2022  20:28:41 +0100 (0:00:00.339)       0:05:04.399 ***********
[36mskipping: [localhost] => (item=helm) [0m

PLAY RECAP *********************************************************************
[33mlocalhost[0m                  : [32mok=42  [0m [33mchanged=22  [0m unreachable=0    failed=0    [36mskipped=3   [0m rescued=0    ignored=0

Tuesday 17 May 2022  20:28:41 +0100 (0:00:00.031)       0:05:04.431 ***********
===============================================================================
Clone the operator-sdk project. ----------------------------------------- 2.95s
Attempt to fix file permissions. ---------------------------------------- 6.92s
Deploy a memcached DaemonSet so image is pulled to all nodes. ----------- 0.02s
Create a Memcached DaemonSet. ------------------------------------------ 20.69s
Delete the Memcached DaemonSet. ----------------------------------------- 0.53s
Deploy cert-manager (required for Go operator). ------------------------- 0.03s
Deploy prometheus-operator (required for metrics service). -------------- 0.03s
Download prometheus-operator manifest. ---------------------------------- 1.60s
Manually create the prometheus-operator ServiceAccount. ----------------- 0.49s
Manually create the prometheus ServiceAccount. -------------------------- 0.49s
Manually create the prometheus-operator cluster role -------------------- 0.50s
Manually create the prometheus-operator cluster role binding ------------ 0.49s
Deploy prometheus-operator into the cluster. --------------------------- 12.96s
Deploy additional-scrape-configs into the cluster. ---------------------- 0.49s
Deploy the prometheus CR ------------------------------------------------ 0.50s
Deploy metrics server. -------------------------------------------------- 0.02s
Download metrics server manifests --------------------------------------- 0.68s
Deploy metrics service into the cluster. ------------------------------- 50.66s
Download metrics server cluster role ------------------------------------ 1.38s
Download metrics server cluster role binding ---------------------------- 1.74s
Download metrics server deployment -------------------------------------- 1.34s
Download metrics server service account --------------------------------- 1.90s
Download metrics server service ----------------------------------------- 1.02s
Deploy metrics server cluster role -------------------------------------- 0.53s
Deploy metrics server cluster role binding ------------------------------ 0.50s
Deploy metrics server service account ----------------------------------- 0.50s
Deploy metrics server deployment --------------------------------------- 30.56s
Deploy metrics server service ------------------------------------------- 0.55s
SPIKE TEST -  Build, deploy, benchmark, and undeploy operators. --------- 0.06s
Set the helm memcached operator image name. ----------------------------- 0.01s
Set the app label selector for Helm. ------------------------------------ 0.01s
Ensure the operator namespace exists. ----------------------------------- 0.51s
Set the correct subdirectory for the Go operator example. --------------- 0.01s
Build, push, and deploy the helm memcached operator. ------------------- 54.63s
Wait for Operator Pod to be 'Running'. --------------------------------- 53.32s
Pause to allow cluster to stabilize. ----------------------------------- 10.01s
Deploy 15 helm memcached CRs. ------------------------------------------- 0.61s
[B1] Wait for 15 helm Memcached Pods to be running. -------------------- 18.61s
[B1] Wait for helm Memcached Pods to be ready. -------------------------- 6.52s
Deploy 15 helm memcached CRs. ------------------------------------------- 0.99s
[B2] Wait for 15 helm Memcached Pods to be running. --------------------- 0.65s
Un-deploy 15 helm memcached CRs. ---------------------------------------- 0.71s
[B3] Wait for all helm Memcached Pods to be gone. ---------------------- 17.32s
Undeploy the helm memcached operator. ----------------------------------- 0.34s
LOAD TEST - Build, deploy, benchmark, and undeploy operators. ----------- 0.03s
